Logfile initialized
[INFO] logfile = /home/strata/Titanium Studio Workspace/Circulation/build.log
[DEBUG] /home/strata/.titanium/mobilesdk/linux/1.7.5/android/builder.py simulator Circulation /home/strata/Music/android-sdk-linux_x86 /home/strata/Titanium Studio Workspace/Circulation com.strata.justbooks.Circulation 4 WQVGA400 
[INFO] Building Circulation for Android ... one moment
[INFO] Titanium SDK version: 1.7.5 (11/02/11 17:00 ab20af7)
[DEBUG] Waiting for device to be ready ...
[TRACE] adb devices returned 1 devices/emulators
[TRACE] adb devices returned 1 devices/emulators
[TRACE] adb devices returned 1 devices/emulators
[TRACE] adb devices returned 1 devices/emulators
[TRACE] adb devices returned 1 devices/emulators
[TRACE] adb devices returned 1 devices/emulators
[DEBUG] Device connected... (waited 25 seconds)
[DEBUG] waited 25.082481 seconds on emulator to get ready
[INFO] Waiting for the Android Emulator to become available
[DEBUG] com.strata.justbooks.Circulation installed? True
[INFO] Fastdev server running, deploying in Fastdev mode
[INFO] Copying project resources..
[INFO] Tiapp.xml unchanged, skipping class generation
[DEBUG] Processing Android resource drawables
[DEBUG] found drawable-notlong-port-mdpi splash screen at /home/strata/Titanium Studio Workspace/Circulation/Resources/android/images/res-notlong-port-mdpi/default.png
[DEBUG] found drawable-notlong-land-ldpi splash screen at /home/strata/Titanium Studio Workspace/Circulation/Resources/android/images/res-notlong-land-ldpi/default.png
[DEBUG] found drawable-notlong-land-mdpi splash screen at /home/strata/Titanium Studio Workspace/Circulation/Resources/android/images/res-notlong-land-mdpi/default.png
[DEBUG] found drawable-notlong-port-ldpi splash screen at /home/strata/Titanium Studio Workspace/Circulation/Resources/android/images/res-notlong-port-ldpi/default.png
[DEBUG] found drawable-long-port-ldpi splash screen at /home/strata/Titanium Studio Workspace/Circulation/Resources/android/images/res-long-port-ldpi/default.png
[DEBUG] found drawable-notlong-port-hdpi splash screen at /home/strata/Titanium Studio Workspace/Circulation/Resources/android/images/res-notlong-port-hdpi/default.png
[DEBUG] found drawable-long-port-hdpi splash screen at /home/strata/Titanium Studio Workspace/Circulation/Resources/android/images/res-long-port-hdpi/default.png
[DEBUG] found drawable-long-land-hdpi splash screen at /home/strata/Titanium Studio Workspace/Circulation/Resources/android/images/res-long-land-hdpi/default.png
[DEBUG] found drawable-notlong-land-hdpi splash screen at /home/strata/Titanium Studio Workspace/Circulation/Resources/android/images/res-notlong-land-hdpi/default.png
[DEBUG] found drawable-long-land-ldpi splash screen at /home/strata/Titanium Studio Workspace/Circulation/Resources/android/images/res-long-land-ldpi/default.png
[INFO] Waiting for SDCard to become available..
[INFO] Re-launching application ... Circulation
[INFO] Launching application ... Circulation
[TRACE] Launch output: Starting: Intent { act=android.intent.action.MAIN cat=[android.intent.category.LAUNCHER] cmp=com.strata.justbooks.Circulation/.CirculationActivity }

